2025-06-22 10:20:59,576 - INFO - Starting live trading bot...
2025-06-22 10:21:14,026 - INFO - Loaded saved cookies
2025-06-22 10:21:19,440 - INFO - Successfully logged in using saved cookies
2025-06-22 10:21:19,441 - INFO - Waiting 521 seconds for next candle open...
2025-06-22 10:30:03,717 - INFO - First sell signal received. The bot is now active and can place buy orders on the next signal.
2025-06-22 10:30:03,718 - INFO - Strategy check completed at 2025-06-22 10:21:19.441909
2025-06-22 10:30:08,719 - INFO - Waiting 892 seconds for next candle open...
2025-06-22 10:45:03,725 - INFO - Strategy check completed at 2025-06-22 10:30:08.719172
2025-06-22 10:45:08,728 - INFO - Waiting 892 seconds for next candle open...
2025-06-22 11:00:03,650 - INFO - Strategy check completed at 2025-06-22 10:45:08.728036
2025-06-22 11:00:08,652 - INFO - Waiting 892 seconds for next candle open...
2025-06-22 11:15:03,576 - INFO - Strategy check completed at 2025-06-22 11:00:08.652947
2025-06-22 11:15:08,577 - INFO - Waiting 892 seconds for next candle open...
2025-06-22 11:30:03,504 - INFO - Strategy check completed at 2025-06-22 11:15:08.577999
2025-06-22 11:30:08,506 - INFO - Waiting 892 seconds for next candle open...
2025-06-22 11:45:03,891 - INFO - Strategy check completed at 2025-06-22 11:30:08.506048
2025-06-22 11:45:08,902 - INFO - Waiting 892 seconds for next candle open...
2025-06-22 12:00:03,841 - INFO - Strategy check completed at 2025-06-22 11:45:08.902201
2025-06-22 12:00:08,850 - INFO - Waiting 892 seconds for next candle open...
2025-06-22 12:15:03,810 - INFO - Buy signal detected
2025-06-22 12:15:03,810 - INFO - Placing Buy Order...
2025-06-22 12:15:04,062 - INFO - Current XRP price (from fetched): $2.2619
2025-06-22 12:15:05,839 - INFO - Confirmed buy order in dialog
2025-06-22 12:15:05,839 - INFO - Buy Order Placed: Bought $343.6047 of XRP at approximately $2.2619 per XRP
2025-06-22 12:15:05,841 - INFO - Strategy check completed at 2025-06-22 12:00:08.850435
2025-06-22 12:15:10,842 - INFO - Waiting 890 seconds for next candle open...
2025-06-22 12:30:04,332 - INFO - Sell signal detected
2025-06-22 12:30:04,332 - INFO - Placing Sell Order...
2025-06-22 12:30:04,902 - INFO - Current XRP price (from fetched): $2.2750
2025-06-22 12:30:06,580 - INFO - Confirmed sell order in dialog
2025-06-22 12:30:06,580 - INFO - Sell Order Placed: Sold 166.0 XRP at approximately $2.2750 per XRP
2025-06-22 12:30:06,580 - INFO - Strategy check completed at 2025-06-22 12:15:10.842980
2025-06-22 12:30:11,584 - INFO - Waiting 889 seconds for next candle open...
2025-06-22 12:45:05,021 - INFO - Strategy check completed at 2025-06-22 12:30:11.584683
2025-06-22 12:45:10,036 - INFO - Waiting 890 seconds for next candle open...
2025-06-22 13:00:04,010 - INFO - Buy signal detected
2025-06-22 13:00:04,012 - INFO - Placing Buy Order...
2025-06-22 13:00:04,432 - INFO - Current XRP price (from fetched): $2.2740
2025-06-22 13:00:06,315 - INFO - Confirmed buy order in dialog
2025-06-22 13:00:06,315 - INFO - Buy Order Placed: Bought $342.26145 of XRP at approximately $2.2740 per XRP
2025-06-22 13:00:06,315 - INFO - Strategy check completed at 2025-06-22 12:45:10.036859
2025-06-22 13:00:11,324 - INFO - Waiting 889 seconds for next candle open...
2025-06-22 13:15:04,587 - INFO - Strategy check completed at 2025-06-22 13:00:11.324020
2025-06-22 13:15:09,589 - INFO - Waiting 891 seconds for next candle open...
2025-06-22 13:30:04,767 - INFO - Strategy check completed at 2025-06-22 13:15:09.589832
2025-06-22 13:30:09,779 - INFO - Waiting 891 seconds for next candle open...
2025-06-22 14:07:46,517 - INFO - Strategy check completed at 2025-06-22 13:30:09.779762
2025-06-22 14:07:51,520 - INFO - Waiting 429 seconds for next candle open...
2025-06-22 14:15:03,508 - INFO - Strategy check completed at 2025-06-22 14:07:51.520077
2025-06-22 14:15:08,509 - INFO - Waiting 892 seconds for next candle open...
2025-06-22 14:30:03,668 - INFO - Strategy check completed at 2025-06-22 14:15:08.509770
2025-06-22 14:30:08,681 - INFO - Waiting 892 seconds for next candle open...
2025-06-22 14:45:03,611 - INFO - Sell signal detected
2025-06-22 14:45:03,611 - INFO - Placing Sell Order...
2025-06-22 14:45:03,826 - INFO - Current XRP price (from fetched): $2.2436
2025-06-22 14:45:05,442 - INFO - Confirmed sell order in dialog
2025-06-22 14:45:05,442 - INFO - Sell Order Placed: Sold 165.8 XRP at approximately $2.2436 per XRP
2025-06-22 14:45:05,442 - INFO - Strategy check completed at 2025-06-22 14:30:08.681624
2025-06-22 14:45:10,448 - INFO - Waiting 890 seconds for next candle open...
2025-06-22 15:00:03,579 - INFO - Buy signal detected
2025-06-22 15:00:03,579 - INFO - Placing Buy Order...
2025-06-22 15:00:03,887 - INFO - Current XRP price (from fetched): $2.2431
2025-06-22 15:00:05,525 - INFO - Confirmed buy order in dialog
2025-06-22 15:00:05,527 - INFO - Buy Order Placed: Bought $342.69825 of XRP at approximately $2.2431 per XRP
2025-06-22 15:00:05,527 - INFO - Strategy check completed at 2025-06-22 14:45:10.448310
2025-06-22 15:00:10,528 - INFO - Waiting 890 seconds for next candle open...
2025-06-22 15:15:03,497 - INFO - Strategy check completed at 2025-06-22 15:00:10.528889
2025-06-22 15:15:08,503 - INFO - Waiting 892 seconds for next candle open...
2025-06-22 15:30:03,570 - INFO - Strategy check completed at 2025-06-22 15:15:08.503215
2025-06-22 15:30:08,583 - INFO - Waiting 892 seconds for next candle open...
2025-06-22 15:45:03,457 - INFO - Sell signal detected
2025-06-22 15:45:03,457 - INFO - Placing Sell Order...
2025-06-22 15:45:03,758 - INFO - Current XRP price (from fetched): $2.2424
2025-06-22 15:45:05,719 - INFO - Confirmed sell order in dialog
2025-06-22 15:45:05,719 - INFO - Sell Order Placed: Sold 164.5 XRP at approximately $2.2424 per XRP
2025-06-22 15:45:05,719 - INFO - Strategy check completed at 2025-06-22 15:30:08.583458
2025-06-22 15:45:10,721 - INFO - Waiting 890 seconds for next candle open...
2025-06-22 16:00:03,683 - INFO - Strategy check completed at 2025-06-22 15:45:10.721991
2025-06-22 16:00:08,689 - INFO - Waiting 892 seconds for next candle open...
2025-06-22 16:15:03,575 - INFO - Strategy check completed at 2025-06-22 16:00:08.689195
2025-06-22 16:15:08,581 - INFO - Waiting 892 seconds for next candle open...
2025-06-22 16:30:03,542 - INFO - Strategy check completed at 2025-06-22 16:15:08.581125
2025-06-22 16:30:08,544 - INFO - Waiting 892 seconds for next candle open...
2025-06-22 16:45:03,511 - INFO - Strategy check completed at 2025-06-22 16:30:08.544757
2025-06-22 16:45:08,522 - INFO - Waiting 892 seconds for next candle open...
2025-06-22 17:00:04,432 - INFO - Strategy check completed at 2025-06-22 16:45:08.522709
2025-06-22 17:00:09,438 - INFO - Waiting 891 seconds for next candle open...
2025-06-22 19:49:32,468 - INFO - Buy signal detected
2025-06-22 19:49:32,468 - INFO - Placing Buy Order...
2025-06-22 19:49:32,693 - INFO - Current XRP price (from fetched): $2.2456
2025-06-22 19:49:34,535 - INFO - Confirmed buy order in dialog
2025-06-22 19:49:34,535 - INFO - Buy Order Placed: Bought $342.3456 of XRP at approximately $2.2456 per XRP
2025-06-22 19:49:34,535 - INFO - Strategy check completed at 2025-06-22 17:00:09.438699
2025-06-22 19:49:39,539 - INFO - Waiting 621 seconds for next candle open...
2025-06-22 20:00:04,384 - INFO - Sell signal detected
2025-06-22 20:00:04,384 - INFO - Placing Sell Order...
2025-06-22 20:00:04,977 - INFO - Current XRP price (from fetched): $2.2388
2025-06-22 20:00:06,855 - INFO - Confirmed sell order in dialog
2025-06-22 20:00:06,855 - INFO - Sell Order Placed: Sold 167.2 XRP at approximately $2.2388 per XRP
2025-06-22 20:00:06,855 - INFO - Strategy check completed at 2025-06-22 19:49:39.539465
2025-06-22 20:00:11,860 - INFO - Waiting 889 seconds for next candle open...
2025-06-22 20:15:04,900 - INFO - Strategy check completed at 2025-06-22 20:00:11.860669
2025-06-22 20:15:09,904 - INFO - Waiting 891 seconds for next candle open...
2025-06-22 20:30:03,952 - INFO - Strategy check completed at 2025-06-22 20:15:09.904009
2025-06-22 20:30:08,957 - INFO - Waiting 892 seconds for next candle open...
2025-06-22 20:45:03,671 - INFO - Strategy check completed at 2025-06-22 20:30:08.957938
2025-06-22 20:45:08,673 - INFO - Waiting 892 seconds for next candle open...
2025-06-22 21:00:03,435 - INFO - Strategy check completed at 2025-06-22 20:45:08.673054
2025-06-22 21:00:08,450 - INFO - Waiting 892 seconds for next candle open...
2025-06-22 21:15:03,554 - INFO - Strategy check completed at 2025-06-22 21:00:08.450785
2025-06-22 21:15:08,567 - INFO - Waiting 892 seconds for next candle open...
2025-06-22 21:30:03,444 - INFO - Strategy check completed at 2025-06-22 21:15:08.567705
2025-06-22 21:30:08,446 - INFO - Waiting 892 seconds for next candle open...
2025-06-22 21:45:03,206 - INFO - Strategy check completed at 2025-06-22 21:30:08.446200
2025-06-22 21:45:08,212 - INFO - Waiting 892 seconds for next candle open...
2025-06-22 22:00:02,988 - INFO - Buy signal detected
2025-06-22 22:00:02,988 - INFO - Placing Buy Order...
2025-06-22 22:00:03,220 - INFO - Current XRP price (from fetched): $2.2308
2025-06-22 22:00:04,365 - INFO - Confirmed buy order in dialog
2025-06-22 22:00:04,366 - INFO - Buy Order Placed: Bought $341.1208 of XRP at approximately $2.2308 per XRP
2025-06-22 22:00:04,367 - INFO - Strategy check completed at 2025-06-22 21:45:08.212921
2025-06-22 22:00:09,368 - INFO - Waiting 891 seconds for next candle open...
2025-06-22 22:15:03,133 - INFO - Strategy check completed at 2025-06-22 22:00:09.368093
2025-06-22 22:15:08,138 - INFO - Waiting 892 seconds for next candle open...
2025-06-22 22:30:02,928 - INFO - Sell signal detected
2025-06-22 22:30:02,928 - INFO - Placing Sell Order...
2025-06-22 22:30:03,152 - INFO - Current XRP price (from fetched): $2.2169
2025-06-22 22:30:04,263 - INFO - Confirmed sell order in dialog
2025-06-22 22:30:04,264 - INFO - Sell Order Placed: Sold 168.3 XRP at approximately $2.2169 per XRP
2025-06-22 22:30:04,265 - INFO - Strategy check completed at 2025-06-22 22:15:08.138866
2025-06-22 22:30:09,267 - INFO - Waiting 891 seconds for next candle open...
2025-06-22 22:45:03,365 - INFO - Strategy check completed at 2025-06-22 22:30:09.267245
2025-06-22 22:45:08,366 - INFO - Waiting 892 seconds for next candle open...
2025-06-22 23:00:03,293 - INFO - Buy signal detected
2025-06-22 23:00:03,293 - INFO - Placing Buy Order...
2025-06-22 23:00:03,550 - INFO - Current XRP price (from fetched): $2.2201
2025-06-22 23:00:05,187 - INFO - Confirmed buy order in dialog
2025-06-22 23:00:05,187 - INFO - Buy Order Placed: Bought $335.32285 of XRP at approximately $2.2201 per XRP
2025-06-22 23:00:05,187 - INFO - Strategy check completed at 2025-06-22 22:45:08.366501
2025-06-22 23:00:10,192 - INFO - Waiting 890 seconds for next candle open...
2025-06-22 23:15:03,252 - INFO - Strategy check completed at 2025-06-22 23:00:10.192661
2025-06-22 23:15:08,262 - INFO - Waiting 892 seconds for next candle open...
2025-06-22 23:30:03,209 - INFO - Sell signal detected
2025-06-22 23:30:03,209 - INFO - Placing Sell Order...
2025-06-22 23:30:03,812 - INFO - Current XRP price (from fetched): $2.2138
2025-06-22 23:30:05,394 - INFO - Confirmed sell order in dialog
2025-06-22 23:30:05,394 - INFO - Sell Order Placed: Sold 170.7 XRP at approximately $2.2138 per XRP
2025-06-22 23:30:05,394 - INFO - Strategy check completed at 2025-06-22 23:15:08.262404
2025-06-22 23:30:10,401 - INFO - Waiting 890 seconds for next candle open...
2025-06-22 23:45:03,734 - INFO - Strategy check completed at 2025-06-22 23:30:10.401068
2025-06-22 23:45:08,751 - INFO - Waiting 892 seconds for next candle open...
2025-06-23 00:00:03,619 - INFO - Buy signal detected
2025-06-23 00:00:03,619 - INFO - Placing Buy Order...
2025-06-23 00:00:03,829 - INFO - Current XRP price (from fetched): $2.2133
2025-06-23 00:00:04,895 - INFO - Confirmed buy order in dialog
2025-06-23 00:00:04,895 - INFO - Buy Order Placed: Bought $332.39455 of XRP at approximately $2.2133 per XRP
2025-06-23 00:00:04,895 - INFO - Strategy check completed at 2025-06-22 23:45:08.751423
2025-06-23 00:00:09,900 - INFO - Waiting 891 seconds for next candle open...
2025-06-23 00:15:03,786 - INFO - Strategy check completed at 2025-06-23 00:00:09.900039
2025-06-23 00:15:08,787 - INFO - Waiting 892 seconds for next candle open...
2025-06-23 00:30:03,571 - INFO - Strategy check completed at 2025-06-23 00:15:08.787835
2025-06-23 00:30:08,585 - INFO - Waiting 892 seconds for next candle open...
2025-06-23 00:45:03,280 - INFO - Strategy check completed at 2025-06-23 00:30:08.585031
2025-06-23 00:45:08,296 - INFO - Waiting 892 seconds for next candle open...
2025-06-23 01:00:03,088 - INFO - Sell signal detected
2025-06-23 01:00:03,088 - INFO - Placing Sell Order...
2025-06-23 01:00:03,295 - INFO - Current XRP price (from fetched): $2.1946
2025-06-23 01:00:04,914 - INFO - Confirmed sell order in dialog
2025-06-23 01:00:04,914 - INFO - Sell Order Placed: Sold 169.8 XRP at approximately $2.1946 per XRP
2025-06-23 01:00:04,918 - INFO - Strategy check completed at 2025-06-23 00:45:08.296959
2025-06-23 01:00:09,918 - INFO - Waiting 891 seconds for next candle open...
2025-06-23 01:15:03,606 - INFO - Buy signal detected
2025-06-23 01:15:03,606 - INFO - Placing Buy Order...
2025-06-23 01:15:03,830 - INFO - Current XRP price (from fetched): $2.1914
2025-06-23 01:15:05,462 - INFO - Confirmed buy order in dialog
2025-06-23 01:15:05,462 - INFO - Buy Order Placed: Bought $330.0989 of XRP at approximately $2.1914 per XRP
2025-06-23 01:15:05,462 - INFO - Strategy check completed at 2025-06-23 01:00:09.918983
2025-06-23 01:15:10,468 - INFO - Waiting 890 seconds for next candle open...
2025-06-23 01:30:03,276 - INFO - Strategy check completed at 2025-06-23 01:15:10.468568
2025-06-23 01:30:08,279 - INFO - Waiting 892 seconds for next candle open...
2025-06-23 01:45:03,324 - INFO - Strategy check completed at 2025-06-23 01:30:08.279637
2025-06-23 01:45:08,326 - INFO - Waiting 892 seconds for next candle open...
2025-06-23 02:00:03,079 - INFO - Strategy check completed at 2025-06-23 01:45:08.326674
2025-06-23 02:00:08,093 - INFO - Waiting 892 seconds for next candle open...
2025-06-23 02:15:02,813 - INFO - Strategy check completed at 2025-06-23 02:00:08.093199
2025-06-23 02:15:07,815 - INFO - Waiting 893 seconds for next candle open...
2025-06-23 02:30:03,515 - INFO - Sell signal detected
2025-06-23 02:30:03,531 - INFO - Placing Sell Order...
2025-06-23 02:30:03,718 - INFO - Current XRP price (from fetched): $2.2064
2025-06-23 02:30:04,809 - INFO - Confirmed sell order in dialog
2025-06-23 02:30:04,809 - INFO - Sell Order Placed: Sold 170.6 XRP at approximately $2.2064 per XRP
2025-06-23 02:30:04,809 - INFO - Strategy check completed at 2025-06-23 02:15:07.815078
2025-06-23 02:30:09,815 - INFO - Waiting 891 seconds for next candle open...
2025-06-23 02:45:03,586 - INFO - Buy signal detected
2025-06-23 02:45:03,586 - INFO - Placing Buy Order...
2025-06-23 02:45:03,788 - INFO - Current XRP price (from fetched): $2.2125
2025-06-23 02:45:05,398 - INFO - Confirmed buy order in dialog
2025-06-23 02:45:05,398 - INFO - Buy Order Placed: Bought $331.9288 of XRP at approximately $2.2125 per XRP
2025-06-23 02:45:05,399 - INFO - Strategy check completed at 2025-06-23 02:30:09.815796
2025-06-23 02:45:10,400 - INFO - Waiting 890 seconds for next candle open...
2025-06-23 03:00:03,269 - INFO - Strategy check completed at 2025-06-23 02:45:10.400408
2025-06-23 03:00:08,273 - INFO - Waiting 892 seconds for next candle open...
2025-06-23 03:15:03,016 - INFO - Sell signal detected
2025-06-23 03:15:03,016 - INFO - Placing Sell Order...
2025-06-23 03:15:03,230 - INFO - Current XRP price (from fetched): $2.2127
2025-06-23 03:15:04,820 - INFO - Confirmed sell order in dialog
2025-06-23 03:15:04,820 - INFO - Sell Order Placed: Sold 168.1 XRP at approximately $2.2127 per XRP
2025-06-23 03:15:04,820 - INFO - Strategy check completed at 2025-06-23 03:00:08.273187
2025-06-23 03:15:09,828 - INFO - Waiting 891 seconds for next candle open...
2025-06-23 03:30:03,596 - INFO - Buy signal detected
2025-06-23 03:30:03,596 - INFO - Placing Buy Order...
2025-06-23 03:30:03,819 - INFO - Current XRP price (from fetched): $2.2157
2025-06-23 03:30:05,422 - INFO - Confirmed buy order in dialog
2025-06-23 03:30:05,422 - INFO - Buy Order Placed: Bought $331.3526 of XRP at approximately $2.2157 per XRP
2025-06-23 03:30:05,422 - INFO - Strategy check completed at 2025-06-23 03:15:09.828957
2025-06-23 03:30:10,426 - INFO - Waiting 890 seconds for next candle open...
2025-06-23 03:45:03,454 - INFO - Strategy check completed at 2025-06-23 03:30:10.426404
2025-06-23 03:45:08,462 - INFO - Waiting 892 seconds for next candle open...
2025-06-23 04:00:03,246 - INFO - Sell signal detected
2025-06-23 04:00:03,246 - INFO - Placing Sell Order...
2025-06-23 04:00:03,432 - INFO - Current XRP price (from fetched): $2.2114
2025-06-23 04:00:05,018 - INFO - Confirmed sell order in dialog
2025-06-23 04:00:05,018 - INFO - Sell Order Placed: Sold 167.4 XRP at approximately $2.2114 per XRP
2025-06-23 04:00:05,018 - INFO - Strategy check completed at 2025-06-23 03:45:08.462761
2025-06-23 04:00:10,022 - INFO - Waiting 890 seconds for next candle open...
2025-06-23 04:15:02,730 - INFO - Strategy check completed at 2025-06-23 04:00:10.022042
2025-06-23 04:15:07,741 - INFO - Waiting 893 seconds for next candle open...
2025-06-23 04:30:03,563 - INFO - Strategy check completed at 2025-06-23 04:15:07.741848
2025-06-23 04:30:08,566 - INFO - Waiting 892 seconds for next candle open...
2025-06-23 04:45:03,285 - INFO - Strategy check completed at 2025-06-23 04:30:08.566590
2025-06-23 04:45:08,289 - INFO - Waiting 892 seconds for next candle open...
2025-06-23 05:00:03,005 - INFO - Strategy check completed at 2025-06-23 04:45:08.289290
2025-06-23 05:00:08,012 - INFO - Waiting 892 seconds for next candle open...
2025-06-23 05:15:02,791 - INFO - Strategy check completed at 2025-06-23 05:00:08.012961
2025-06-23 05:15:07,802 - INFO - Waiting 893 seconds for next candle open...
2025-06-23 05:30:03,696 - INFO - Strategy check completed at 2025-06-23 05:15:07.802224
2025-06-23 05:30:08,704 - INFO - Waiting 892 seconds for next candle open...
2025-06-23 05:45:03,584 - INFO - Buy signal detected
2025-06-23 05:45:03,584 - INFO - Placing Buy Order...
2025-06-23 05:45:03,943 - INFO - Current XRP price (from fetched): $2.1812
2025-06-23 05:45:05,541 - INFO - Confirmed buy order in dialog
2025-06-23 05:45:05,541 - INFO - Buy Order Placed: Bought $330.0371 of XRP at approximately $2.1812 per XRP
2025-06-23 05:45:05,541 - INFO - Strategy check completed at 2025-06-23 05:30:08.704348
2025-06-23 05:45:10,547 - INFO - Waiting 890 seconds for next candle open...
2025-06-23 06:00:03,333 - INFO - Strategy check completed at 2025-06-23 05:45:10.547794
2025-06-23 06:00:08,339 - INFO - Waiting 892 seconds for next candle open...
2025-06-23 06:15:03,109 - INFO - Strategy check completed at 2025-06-23 06:00:08.339527
2025-06-23 06:15:08,114 - INFO - Waiting 892 seconds for next candle open...
2025-06-23 06:30:02,883 - INFO - Strategy check completed at 2025-06-23 06:15:08.114860
2025-06-23 06:30:07,888 - INFO - Waiting 893 seconds for next candle open...
2025-06-23 06:45:03,688 - INFO - Strategy check completed at 2025-06-23 06:30:07.888365
2025-06-23 06:45:08,690 - INFO - Waiting 892 seconds for next candle open...
2025-06-23 07:00:03,657 - INFO - Strategy check completed at 2025-06-23 06:45:08.690025
2025-06-23 07:00:08,659 - INFO - Waiting 892 seconds for next candle open...
2025-06-23 07:15:03,598 - INFO - Strategy check completed at 2025-06-23 07:00:08.659691
2025-06-23 07:15:08,600 - INFO - Waiting 892 seconds for next candle open...
2025-06-23 07:30:03,432 - INFO - Strategy check completed at 2025-06-23 07:15:08.600035
2025-06-23 07:30:08,440 - INFO - Waiting 892 seconds for next candle open...
2025-06-23 07:45:03,208 - INFO - Strategy check completed at 2025-06-23 07:30:08.440098
2025-06-23 07:45:08,212 - INFO - Waiting 892 seconds for next candle open...
2025-06-23 08:00:03,077 - INFO - Strategy check completed at 2025-06-23 07:45:08.212745
2025-06-23 08:00:08,079 - INFO - Waiting 892 seconds for next candle open...
2025-06-23 08:15:02,887 - INFO - Strategy check completed at 2025-06-23 08:00:08.079479
2025-06-23 08:15:07,890 - INFO - Waiting 893 seconds for next candle open...
2025-06-23 08:30:03,659 - INFO - Strategy check completed at 2025-06-23 08:15:07.890951
2025-06-23 08:30:08,661 - INFO - Waiting 892 seconds for next candle open...
2025-06-23 08:45:03,621 - INFO - Strategy check completed at 2025-06-23 08:30:08.661250
2025-06-23 08:45:08,625 - INFO - Waiting 892 seconds for next candle open...
2025-06-23 09:00:03,568 - INFO - Strategy check completed at 2025-06-23 08:45:08.625974
2025-06-23 09:00:08,571 - INFO - Waiting 892 seconds for next candle open...
2025-06-23 09:15:03,364 - INFO - Strategy check completed at 2025-06-23 09:00:08.571731
2025-06-23 09:15:08,365 - INFO - Waiting 892 seconds for next candle open...
2025-06-23 09:30:03,090 - INFO - Strategy check completed at 2025-06-23 09:15:08.365773
2025-06-23 09:30:08,093 - INFO - Waiting 892 seconds for next candle open...
2025-06-23 09:45:02,770 - INFO - Strategy check completed at 2025-06-23 09:30:08.093491
2025-06-23 09:45:07,778 - INFO - Waiting 893 seconds for next candle open...
2025-06-23 10:00:03,703 - INFO - Sell signal detected
2025-06-23 10:00:03,703 - INFO - Placing Sell Order...
2025-06-23 10:00:03,924 - INFO - Current XRP price (from fetched): $2.1768
2025-06-23 10:00:05,004 - INFO - Confirmed sell order in dialog
2025-06-23 10:00:05,004 - INFO - Sell Order Placed: Sold 168.8 XRP at approximately $2.1768 per XRP
2025-06-23 10:00:05,004 - INFO - Strategy check completed at 2025-06-23 09:45:07.778488
2025-06-23 10:00:10,007 - INFO - Waiting 890 seconds for next candle open...
2025-06-23 10:15:03,218 - INFO - Strategy check completed at 2025-06-23 10:00:10.007758
2025-06-23 10:15:08,233 - INFO - Waiting 892 seconds for next candle open...
2025-06-23 10:45:12,674 - INFO - Strategy check completed at 2025-06-23 10:15:08.233188
2025-06-23 10:45:17,675 - INFO - Waiting 883 seconds for next candle open...
2025-06-23 11:00:03,597 - INFO - Buy signal detected
2025-06-23 11:00:03,597 - INFO - Placing Buy Order...
2025-06-23 11:00:04,183 - INFO - Current XRP price (from fetched): $2.1684
2025-06-23 11:00:05,882 - INFO - Confirmed buy order in dialog
2025-06-23 11:00:05,882 - INFO - Buy Order Placed: Bought $335.09155 of XRP at approximately $2.1684 per XRP
2025-06-23 11:00:05,882 - INFO - Strategy check completed at 2025-06-23 10:45:17.675192
2025-06-23 11:00:10,884 - INFO - Waiting 890 seconds for next candle open...
2025-06-23 11:15:03,894 - INFO - Sell signal detected
2025-06-23 11:15:03,894 - INFO - Placing Sell Order...
2025-06-23 11:15:04,238 - INFO - Current XRP price (from fetched): $2.1646
2025-06-23 11:15:05,951 - INFO - Confirmed sell order in dialog
2025-06-23 11:15:05,951 - INFO - Sell Order Placed: Sold 165.5 XRP at approximately $2.1646 per XRP
2025-06-23 11:15:05,951 - INFO - Strategy check completed at 2025-06-23 11:00:10.884457
2025-06-23 11:15:10,954 - INFO - Waiting 890 seconds for next candle open...
2025-06-23 11:30:03,903 - INFO - Strategy check completed at 2025-06-23 11:15:10.954780
2025-06-23 11:30:08,908 - INFO - Waiting 892 seconds for next candle open...
2025-06-23 11:45:03,680 - INFO - Strategy check completed at 2025-06-23 11:30:08.908079
2025-06-23 11:45:08,683 - INFO - Waiting 892 seconds for next candle open...
2025-06-23 12:00:03,893 - INFO - Strategy check completed at 2025-06-23 11:45:08.683010
2025-06-23 12:00:08,900 - INFO - Waiting 892 seconds for next candle open...
2025-06-23 12:15:03,943 - INFO - Buy signal detected
2025-06-23 12:15:03,943 - INFO - Placing Buy Order...
2025-06-23 12:15:04,233 - INFO - Current XRP price (from fetched): $2.1511
2025-06-23 12:15:05,955 - INFO - Confirmed buy order in dialog
2025-06-23 12:15:05,955 - INFO - Buy Order Placed: Bought $334.1468 of XRP at approximately $2.1511 per XRP
2025-06-23 12:15:05,955 - INFO - Strategy check completed at 2025-06-23 12:00:08.900999
2025-06-23 12:15:10,961 - INFO - Waiting 890 seconds for next candle open...
2025-06-23 12:30:03,879 - INFO - Sell signal detected
2025-06-23 12:30:03,879 - INFO - Placing Sell Order...
2025-06-23 12:30:04,103 - INFO - Current XRP price (from fetched): $2.1457
2025-06-23 12:30:05,709 - INFO - Confirmed sell order in dialog
2025-06-23 12:30:05,709 - INFO - Sell Order Placed: Sold 164.8 XRP at approximately $2.1457 per XRP
2025-06-23 12:30:05,709 - INFO - Strategy check completed at 2025-06-23 12:15:10.961982
2025-06-23 12:30:10,715 - INFO - Waiting 890 seconds for next candle open...
2025-06-23 12:45:03,703 - INFO - Strategy check completed at 2025-06-23 12:30:10.715006
2025-06-23 12:45:08,706 - INFO - Waiting 892 seconds for next candle open...
2025-06-23 13:00:03,692 - INFO - Buy signal detected
2025-06-23 13:00:03,692 - INFO - Placing Buy Order...
2025-06-23 13:00:04,017 - INFO - Current XRP price (from fetched): $2.1627
2025-06-23 13:00:05,683 - INFO - Confirmed buy order in dialog
2025-06-23 13:00:05,683 - INFO - Buy Order Placed: Bought $333.0885 of XRP at approximately $2.1627 per XRP
2025-06-23 13:00:05,683 - INFO - Strategy check completed at 2025-06-23 12:45:08.706176
2025-06-23 13:00:10,688 - INFO - Waiting 890 seconds for next candle open...
2025-06-23 13:15:03,597 - INFO - Sell signal detected
2025-06-23 13:15:03,597 - INFO - Placing Sell Order...
2025-06-23 13:15:03,827 - INFO - Current XRP price (from fetched): $2.1644
2025-06-23 13:15:05,483 - INFO - Confirmed sell order in dialog
2025-06-23 13:15:05,483 - INFO - Sell Order Placed: Sold 164.6 XRP at approximately $2.1644 per XRP
2025-06-23 13:15:05,483 - INFO - Strategy check completed at 2025-06-23 13:00:10.688972
2025-06-23 13:15:10,485 - INFO - Waiting 890 seconds for next candle open...
2025-06-23 13:30:03,442 - INFO - Buy signal detected
2025-06-23 13:30:03,444 - INFO - Placing Buy Order...
2025-06-23 13:30:03,655 - INFO - Current XRP price (from fetched): $2.1590
2025-06-23 13:30:05,326 - INFO - Confirmed buy order in dialog
2025-06-23 13:30:05,326 - INFO - Buy Order Placed: Bought $332.21295 of XRP at approximately $2.1590 per XRP
2025-06-23 13:30:05,326 - INFO - Strategy check completed at 2025-06-23 13:15:10.485439
2025-06-23 13:30:10,330 - INFO - Waiting 890 seconds for next candle open...
2025-06-23 14:27:43,209 - INFO - Strategy check completed at 2025-06-23 13:30:10.330246
2025-06-23 14:27:48,221 - INFO - Waiting 132 seconds for next candle open...
2025-06-23 14:30:02,935 - INFO - Strategy check completed at 2025-06-23 14:27:48.221561
2025-06-23 14:30:07,937 - INFO - Waiting 893 seconds for next candle open...
2025-06-23 14:45:03,663 - INFO - Strategy check completed at 2025-06-23 14:30:07.937480
2025-06-23 14:45:08,676 - INFO - Waiting 892 seconds for next candle open...
2025-06-23 15:00:03,710 - INFO - Strategy check completed at 2025-06-23 14:45:08.676294
2025-06-23 15:00:08,716 - INFO - Waiting 892 seconds for next candle open...
2025-06-23 15:15:03,730 - INFO - Strategy check completed at 2025-06-23 15:00:08.716652
2025-06-23 15:15:08,733 - INFO - Waiting 892 seconds for next candle open...
2025-06-23 15:30:03,766 - INFO - Sell signal detected
2025-06-23 15:30:03,766 - INFO - Placing Sell Order...
2025-06-23 15:30:04,090 - INFO - Current XRP price (from fetched): $2.1612
2025-06-23 15:30:05,761 - INFO - Confirmed sell order in dialog
2025-06-23 15:30:05,761 - INFO - Sell Order Placed: Sold 164.0 XRP at approximately $2.1612 per XRP
2025-06-23 15:30:05,761 - INFO - Strategy check completed at 2025-06-23 15:15:08.733360
2025-06-23 15:30:10,765 - INFO - Waiting 890 seconds for next candle open...
2025-06-23 15:45:03,756 - INFO - Strategy check completed at 2025-06-23 15:30:10.765359
2025-06-23 15:45:08,763 - INFO - Waiting 892 seconds for next candle open...
2025-06-23 16:00:03,759 - INFO - Strategy check completed at 2025-06-23 15:45:08.763878
2025-06-23 16:00:08,771 - INFO - Waiting 892 seconds for next candle open...
2025-06-23 16:15:03,739 - INFO - Strategy check completed at 2025-06-23 16:00:08.771446
2025-06-23 16:15:08,740 - INFO - Waiting 892 seconds for next candle open...
2025-06-23 16:30:03,686 - INFO - Strategy check completed at 2025-06-23 16:15:08.740921
2025-06-23 16:30:08,694 - INFO - Waiting 892 seconds for next candle open...
2025-06-23 16:45:03,669 - INFO - Buy signal detected
2025-06-23 16:45:03,669 - INFO - Placing Buy Order...
2025-06-23 16:45:03,937 - INFO - Current XRP price (from fetched): $2.1601
2025-06-23 16:45:05,613 - INFO - Confirmed buy order in dialog
2025-06-23 16:45:05,613 - INFO - Buy Order Placed: Bought $331.67255 of XRP at approximately $2.1601 per XRP
2025-06-23 16:45:05,613 - INFO - Strategy check completed at 2025-06-23 16:30:08.694445
2025-06-23 16:45:10,621 - INFO - Waiting 890 seconds for next candle open...
2025-06-23 17:00:04,387 - INFO - Strategy check completed at 2025-06-23 16:45:10.621902
2025-06-23 17:00:09,392 - INFO - Waiting 891 seconds for next candle open...
2025-06-23 17:15:04,291 - INFO - Sell signal detected
2025-06-23 17:15:04,291 - INFO - Placing Sell Order...
2025-06-23 17:15:04,866 - INFO - Current XRP price (from fetched): $2.1703
2025-06-23 17:15:06,667 - INFO - Confirmed sell order in dialog
2025-06-23 17:15:06,667 - INFO - Sell Order Placed: Sold 163.6 XRP at approximately $2.1703 per XRP
2025-06-23 17:15:06,667 - INFO - Strategy check completed at 2025-06-23 17:00:09.392417
2025-06-23 17:15:11,672 - INFO - Waiting 889 seconds for next candle open...
2025-06-23 20:23:52,659 - INFO - Buy signal detected
2025-06-23 20:23:52,659 - INFO - Placing Buy Order...
2025-06-23 20:23:52,906 - INFO - Current XRP price (from fetched): $2.1564
2025-06-23 20:23:54,731 - INFO - Confirmed buy order in dialog
2025-06-23 20:23:54,731 - INFO - Buy Order Placed: Bought $331.01825 of XRP at approximately $2.1564 per XRP
2025-06-23 20:23:54,731 - INFO - Strategy check completed at 2025-06-23 17:15:11.672052
2025-06-23 20:23:59,733 - INFO - Waiting 361 seconds for next candle open...
2025-06-23 20:30:04,586 - INFO - Strategy check completed at 2025-06-23 20:23:59.733343
2025-06-23 20:30:09,590 - INFO - Waiting 891 seconds for next candle open...
2025-06-23 20:45:04,384 - INFO - Strategy check completed at 2025-06-23 20:30:09.590476
2025-06-23 20:45:09,385 - INFO - Waiting 891 seconds for next candle open...
2025-06-23 21:00:04,305 - INFO - Strategy check completed at 2025-06-23 20:45:09.385506
2025-06-23 21:00:09,317 - INFO - Waiting 891 seconds for next candle open...
2025-06-23 21:15:04,284 - INFO - Strategy check completed at 2025-06-23 21:00:09.317429
2025-06-23 21:15:09,287 - INFO - Waiting 891 seconds for next candle open...
2025-06-23 21:30:04,029 - INFO - Strategy check completed at 2025-06-23 21:15:09.287672
2025-06-23 21:30:09,037 - INFO - Waiting 891 seconds for next candle open...
2025-06-23 21:45:03,770 - INFO - Strategy check completed at 2025-06-23 21:30:09.037643
2025-06-23 21:45:08,779 - INFO - Waiting 892 seconds for next candle open...
2025-06-23 22:00:04,668 - INFO - Strategy check completed at 2025-06-23 21:45:08.779990
2025-06-23 22:00:09,678 - INFO - Waiting 891 seconds for next candle open...
2025-06-23 22:15:04,466 - INFO - Sell signal detected
2025-06-23 22:15:04,466 - INFO - Placing Sell Order...
2025-06-23 22:15:04,707 - INFO - Current XRP price (from fetched): $2.1540
2025-06-23 22:15:06,533 - INFO - Confirmed sell order in dialog
2025-06-23 22:15:06,533 - INFO - Sell Order Placed: Sold 165.9 XRP at approximately $2.1540 per XRP
2025-06-23 22:15:06,533 - INFO - Strategy check completed at 2025-06-23 22:00:09.678859
2025-06-23 22:15:11,536 - INFO - Waiting 889 seconds for next candle open...
2025-06-23 22:30:03,224 - INFO - Strategy check completed at 2025-06-23 22:15:11.536095
2025-06-23 22:30:08,225 - INFO - Waiting 892 seconds for next candle open...
2025-06-23 22:45:03,033 - INFO - Buy signal detected
2025-06-23 22:45:03,033 - INFO - Placing Buy Order...
2025-06-23 22:45:03,250 - INFO - Current XRP price (from fetched): $2.1570
2025-06-23 22:45:04,414 - INFO - Confirmed buy order in dialog
2025-06-23 22:45:04,414 - INFO - Buy Order Placed: Bought $331.3595 of XRP at approximately $2.1570 per XRP
2025-06-23 22:45:04,414 - INFO - Strategy check completed at 2025-06-23 22:30:08.225923
2025-06-23 22:45:09,421 - INFO - Waiting 891 seconds for next candle open...
2025-06-23 23:00:03,491 - INFO - Strategy check completed at 2025-06-23 22:45:09.421607
2025-06-23 23:00:08,494 - INFO - Waiting 892 seconds for next candle open...
2025-06-23 23:15:03,219 - INFO - Strategy check completed at 2025-06-23 23:00:08.494425
2025-06-23 23:15:08,219 - INFO - Waiting 892 seconds for next candle open...
2025-06-23 23:30:03,005 - INFO - Sell signal detected
2025-06-23 23:30:03,005 - INFO - Placing Sell Order...
2025-06-23 23:30:03,217 - INFO - Current XRP price (from fetched): $2.1469
2025-06-23 23:30:04,315 - INFO - Confirmed sell order in dialog
2025-06-23 23:30:04,315 - INFO - Sell Order Placed: Sold 163.0 XRP at approximately $2.1469 per XRP
2025-06-23 23:30:04,315 - INFO - Strategy check completed at 2025-06-23 23:15:08.219831
2025-06-23 23:30:09,320 - INFO - Waiting 891 seconds for next candle open...
2025-06-23 23:45:03,042 - INFO - Strategy check completed at 2025-06-23 23:30:09.320812
2025-06-23 23:45:08,044 - INFO - Waiting 892 seconds for next candle open...
2025-06-24 00:00:02,710 - INFO - Strategy check completed at 2025-06-23 23:45:08.044091
2025-06-24 00:00:07,711 - INFO - Waiting 893 seconds for next candle open...
2025-06-24 00:15:03,455 - INFO - Strategy check completed at 2025-06-24 00:00:07.711624
2025-06-24 00:15:08,458 - INFO - Waiting 892 seconds for next candle open...
2025-06-24 00:30:03,234 - INFO - Strategy check completed at 2025-06-24 00:15:08.458551
2025-06-24 00:30:08,235 - INFO - Waiting 892 seconds for next candle open...
2025-06-24 00:45:03,122 - INFO - Strategy check completed at 2025-06-24 00:30:08.235818
2025-06-24 00:45:08,123 - INFO - Waiting 892 seconds for next candle open...
2025-06-24 01:00:02,989 - INFO - Strategy check completed at 2025-06-24 00:45:08.123636
2025-06-24 01:00:07,991 - INFO - Waiting 893 seconds for next candle open...
2025-06-24 01:15:03,972 - INFO - Strategy check completed at 2025-06-24 01:00:07.991729
2025-06-24 01:15:08,979 - INFO - Waiting 892 seconds for next candle open...
2025-06-24 01:30:03,801 - INFO - Strategy check completed at 2025-06-24 01:15:08.979743
2025-06-24 01:30:08,805 - INFO - Waiting 892 seconds for next candle open...
2025-06-24 01:45:03,527 - INFO - Strategy check completed at 2025-06-24 01:30:08.805559
2025-06-24 01:45:08,529 - INFO - Waiting 892 seconds for next candle open...
2025-06-24 02:00:03,275 - INFO - Strategy check completed at 2025-06-24 01:45:08.529539
2025-06-24 02:00:08,282 - INFO - Waiting 892 seconds for next candle open...
2025-06-24 02:15:03,040 - INFO - Buy signal detected
2025-06-24 02:15:03,040 - INFO - Placing Buy Order...
2025-06-24 02:15:03,262 - INFO - Current XRP price (from fetched): $2.1311
2025-06-24 02:15:04,872 - INFO - Confirmed buy order in dialog
2025-06-24 02:15:04,872 - INFO - Buy Order Placed: Bought $329.7878 of XRP at approximately $2.1311 per XRP
2025-06-24 02:15:04,872 - INFO - Strategy check completed at 2025-06-24 02:00:08.282177
2025-06-24 02:15:09,877 - INFO - Waiting 891 seconds for next candle open...
2025-06-24 02:30:03,571 - INFO - Strategy check completed at 2025-06-24 02:15:09.877068
2025-06-24 02:30:08,573 - INFO - Waiting 892 seconds for next candle open...
2025-06-24 02:45:03,295 - INFO - Strategy check completed at 2025-06-24 02:30:08.573884
2025-06-24 02:45:08,299 - INFO - Waiting 892 seconds for next candle open...
2025-06-24 03:00:03,081 - INFO - Strategy check completed at 2025-06-24 02:45:08.299115
2025-06-24 03:00:08,087 - INFO - Waiting 892 seconds for next candle open...
2025-06-24 03:15:02,819 - INFO - Strategy check completed at 2025-06-24 03:00:08.087217
2025-06-24 03:15:07,835 - INFO - Waiting 893 seconds for next candle open...
2025-06-24 03:30:03,570 - INFO - Strategy check completed at 2025-06-24 03:15:07.835367
2025-06-24 03:30:08,577 - INFO - Waiting 892 seconds for next candle open...
2025-06-24 03:45:03,327 - INFO - Strategy check completed at 2025-06-24 03:30:08.577106
2025-06-24 03:45:08,330 - INFO - Waiting 892 seconds for next candle open...
2025-06-24 04:00:03,328 - INFO - Strategy check completed at 2025-06-24 03:45:08.330790
2025-06-24 04:00:08,331 - INFO - Waiting 892 seconds for next candle open...
2025-06-24 04:15:03,004 - INFO - Strategy check completed at 2025-06-24 04:00:08.331091
2025-06-24 04:15:08,018 - INFO - Waiting 892 seconds for next candle open...
2025-06-24 04:30:02,742 - INFO - Strategy check completed at 2025-06-24 04:15:08.018079
2025-06-24 04:30:07,745 - INFO - Waiting 893 seconds for next candle open...
2025-06-24 04:45:03,739 - INFO - Sell signal detected
2025-06-24 04:45:03,739 - INFO - Placing Sell Order...
2025-06-24 04:45:03,961 - INFO - Current XRP price (from fetched): $2.1414
2025-06-24 04:45:05,575 - INFO - Confirmed sell order in dialog
2025-06-24 04:45:05,575 - INFO - Sell Order Placed: Sold 165.2 XRP at approximately $2.1414 per XRP
2025-06-24 04:45:05,575 - INFO - Strategy check completed at 2025-06-24 04:30:07.745760
2025-06-24 04:45:10,581 - INFO - Waiting 890 seconds for next candle open...
2025-06-24 05:00:03,373 - INFO - Buy signal detected
2025-06-24 05:00:03,373 - INFO - Placing Buy Order...
2025-06-24 05:00:03,755 - INFO - Current XRP price (from fetched): $2.1505
2025-06-24 05:00:05,373 - INFO - Confirmed buy order in dialog
2025-06-24 05:00:05,373 - INFO - Buy Order Placed: Bought $334.10185 of XRP at approximately $2.1505 per XRP
2025-06-24 05:00:05,373 - INFO - Strategy check completed at 2025-06-24 04:45:10.581704
2025-06-24 05:00:10,377 - INFO - Waiting 890 seconds for next candle open...
2025-06-24 05:15:03,090 - INFO - Strategy check completed at 2025-06-24 05:00:10.377144
2025-06-24 05:15:08,091 - INFO - Waiting 892 seconds for next candle open...
2025-06-24 05:30:02,906 - INFO - Strategy check completed at 2025-06-24 05:15:08.091389
2025-06-24 05:30:07,909 - INFO - Waiting 893 seconds for next candle open...
2025-06-24 05:45:03,623 - INFO - Strategy check completed at 2025-06-24 05:30:07.909812
2025-06-24 05:45:08,624 - INFO - Waiting 892 seconds for next candle open...
2025-06-24 06:00:03,476 - INFO - Sell signal detected
2025-06-24 06:00:03,477 - INFO - Placing Sell Order...
2025-06-24 06:00:03,683 - INFO - Current XRP price (from fetched): $2.1396
2025-06-24 06:00:05,277 - INFO - Confirmed sell order in dialog
2025-06-24 06:00:05,277 - INFO - Sell Order Placed: Sold 161.9 XRP at approximately $2.1396 per XRP
2025-06-24 06:00:05,277 - INFO - Strategy check completed at 2025-06-24 05:45:08.624960
2025-06-24 06:00:10,282 - INFO - Waiting 890 seconds for next candle open...
2025-06-24 06:15:03,092 - INFO - Strategy check completed at 2025-06-24 06:00:10.282780
2025-06-24 06:15:08,098 - INFO - Waiting 892 seconds for next candle open...
2025-06-24 06:30:02,846 - INFO - Strategy check completed at 2025-06-24 06:15:08.098186
2025-06-24 06:30:07,852 - INFO - Waiting 893 seconds for next candle open...
2025-06-24 06:45:03,579 - INFO - Strategy check completed at 2025-06-24 06:30:07.852479
2025-06-24 06:45:08,592 - INFO - Waiting 892 seconds for next candle open...
2025-06-24 07:00:03,327 - INFO - Buy signal detected
2025-06-24 07:00:03,327 - INFO - Placing Buy Order...
2025-06-24 07:00:03,551 - INFO - Current XRP price (from fetched): $2.1427
2025-06-24 07:00:05,163 - INFO - Confirmed buy order in dialog
2025-06-24 07:00:05,163 - INFO - Buy Order Placed: Bought $335.14115 of XRP at approximately $2.1427 per XRP
2025-06-24 07:00:05,163 - INFO - Strategy check completed at 2025-06-24 06:45:08.592178
2025-06-24 07:00:10,168 - INFO - Waiting 890 seconds for next candle open...
2025-06-24 07:15:02,954 - INFO - Strategy check completed at 2025-06-24 07:00:10.168211
2025-06-24 07:15:07,957 - INFO - Waiting 893 seconds for next candle open...
2025-06-24 07:30:04,103 - INFO - Strategy check completed at 2025-06-24 07:15:07.957644
2025-06-24 07:30:09,105 - INFO - Waiting 891 seconds for next candle open...
2025-06-24 07:45:04,171 - INFO - Sell signal detected
2025-06-24 07:45:04,171 - INFO - Placing Sell Order...
2025-06-24 07:45:04,413 - INFO - Current XRP price (from fetched): $2.1418
2025-06-24 07:45:05,494 - INFO - Confirmed sell order in dialog
2025-06-24 07:45:05,494 - INFO - Sell Order Placed: Sold 160.0 XRP at approximately $2.1418 per XRP
2025-06-24 07:45:05,494 - INFO - Strategy check completed at 2025-06-24 07:30:09.105719
2025-06-24 07:45:10,498 - INFO - Waiting 890 seconds for next candle open...
2025-06-24 08:00:03,466 - INFO - Buy signal detected
2025-06-24 08:00:03,466 - INFO - Placing Buy Order...
2025-06-24 08:00:03,713 - INFO - Current XRP price (from fetched): $2.1463
2025-06-24 08:00:05,324 - INFO - Confirmed buy order in dialog
2025-06-24 08:00:05,324 - INFO - Buy Order Placed: Bought $338.27125 of XRP at approximately $2.1463 per XRP
2025-06-24 08:00:05,324 - INFO - Strategy check completed at 2025-06-24 07:45:10.498520
2025-06-24 08:00:10,329 - INFO - Waiting 890 seconds for next candle open...
2025-06-24 08:15:03,302 - INFO - Strategy check completed at 2025-06-24 08:00:10.329018
2025-06-24 08:15:08,314 - INFO - Waiting 892 seconds for next candle open...
2025-06-24 08:30:03,422 - INFO - Strategy check completed at 2025-06-24 08:15:08.314808
2025-06-24 08:30:08,435 - INFO - Waiting 892 seconds for next candle open...
2025-06-24 08:45:03,301 - INFO - Strategy check completed at 2025-06-24 08:30:08.435178
2025-06-24 08:45:08,304 - INFO - Waiting 892 seconds for next candle open...
2025-06-24 09:00:03,110 - INFO - Sell signal detected
2025-06-24 09:00:03,110 - INFO - Placing Sell Order...
2025-06-24 09:00:03,319 - INFO - Current XRP price (from fetched): $2.1439
2025-06-24 09:00:04,934 - INFO - Confirmed sell order in dialog
2025-06-24 09:00:04,934 - INFO - Sell Order Placed: Sold 156.4 XRP at approximately $2.1439 per XRP
2025-06-24 09:00:04,934 - INFO - Strategy check completed at 2025-06-24 08:45:08.304029
2025-06-24 09:00:09,940 - INFO - Waiting 891 seconds for next candle open...
2025-06-24 09:15:03,699 - INFO - Strategy check completed at 2025-06-24 09:00:09.940813
2025-06-24 09:15:08,702 - INFO - Waiting 892 seconds for next candle open...
2025-06-24 09:30:03,915 - INFO - Strategy check completed at 2025-06-24 09:15:08.702276
2025-06-24 09:30:08,925 - INFO - Waiting 892 seconds for next candle open...
2025-06-24 09:37:52,781 - INFO - 
Shutting down trading bot...
2025-06-24 09:37:52,781 - INFO - Cleaning up and closing browser...
2025-06-24 09:37:52,810 - WARNING - Retrying (Retry(total=2, connect=None, read=None, redirect=None, status=None)) after connection broken by 'ConnectionResetError(10054, 'An existing connection was forcibly closed by the remote host', None, 10054, None)': /session/2b4637af-a170-4544-990b-f1476ef06135
2025-06-24 09:37:56,917 - WARNING - Retrying (Retry(total=1, connect=None, read=None, redirect=None, status=None)) after connection broken by 'NewConnectionError('<urllib3.connection.HTTPConnection object at 0x000001CB7179E5A0>: Failed to establish a new connection: [WinError 10061] No connection could be made because the target machine actively refused it')': /session/2b4637af-a170-4544-990b-f1476ef06135
2025-06-24 09:38:01,015 - WARNING - Retrying (Retry(total=0, connect=None, read=None, redirect=None, status=None)) after connection broken by 'NewConnectionError('<urllib3.connection.HTTPConnection object at 0x000001CB7516F7A0>: Failed to establish a new connection: [WinError 10061] No connection could be made because the target machine actively refused it')': /session/2b4637af-a170-4544-990b-f1476ef06135
2025-06-24 11:05:43,986 - INFO - Live data saved to live_data_XRP_USDT_20250624_110543.csv
2025-06-24 11:05:43,997 - INFO - Cleaning up and closing browser...
2025-07-02 20:14:15,844 - INFO - Cleaning up and closing browser...
2025-07-02 20:24:02,981 - INFO - Starting live trading bot...
2025-07-02 20:24:03,023 - ERROR - Failed to initialize Firefox driver: [Errno 2] No such file or directory: 'geckodriver.exe'
2025-07-02 20:24:03,024 - INFO - Cleaning up and closing browser...
2025-07-02 20:24:50,543 - INFO - Starting live trading bot...
2025-07-02 20:24:50,580 - ERROR - Failed to initialize Firefox driver: [Errno 2] No such file or directory: 'geckodriver.exe'
2025-07-02 20:24:50,581 - INFO - Cleaning up and closing browser...
